<?xml version="1.0" encoding="UTF-8"?>
<!-- Generated by org.testng.reporters.JUnitXMLReporter -->
<testsuite ignored="0" hostname="Prat" failures="0" tests="11" name="Surefire test" time="19.465" errors="0" timestamp="2024-02-05T19:25:32 IST">
  <testcase classname="api.test.DDTests" name="testPostUser" time="4.374"/>
  <testcase classname="api.test.DDTests" name="testPostUser" time="1.138"/>
  <testcase classname="api.test.DDTests" name="testPostUser" time="1.094"/>
  <testcase classname="api.test.DDTests" name="testDeleteUserByName" time="1.174"/>
  <testcase classname="api.test.DDTests" name="testDeleteUserByName" time="1.059"/>
  <testcase classname="api.test.DDTests" name="testDeleteUserByName" time="1.121"/>
  <testcase classname="api.test.UserTest" name="testPostUser" time="1.215"/>
  <testcase classname="api.test.UserTest" name="testGetUserByName" time="1.1"/>
  <testcase classname="api.test.UserTest" name="testUpdateUserByName" time="2.198"/>
  <testcase classname="api.test.UserTest" name="testDeleteUserByName" time="1.128"/>
  <testcase classname="restAssuredAutomationTest.TestRESTAssured" name="test_1" time="0.234"/>
</testsuite> <!-- Surefire test -->
