<?xml version="1.0" encoding="UTF-8"?>
<!-- Generated by org.testng.reporters.JUnitXMLReporter -->
<testsuite ignored="2" hostname="Prat" failures="0" tests="3" name="Default test" time="0.068" errors="0" timestamp="2024-10-08T19:39:18 IST">
  <testcase classname="interviewTask.PriorityAttributeDemo" name="btest1" time="0.008"/>
  <testcase classname="interviewTask.PriorityAttributeDemo" name="ctest3" time="0.001"/>
  <testcase classname="interviewTask.PriorityAttributeDemo" name="atest2" time="0.002"/>
  <testcase classname="interviewTask.PriorityAttributeDemo" name="test5" time="0.0">
    <ignored/>
  </testcase> <!-- test5 -->
  <testcase classname="interviewTask.PriorityAttributeDemo" name="test4" time="0.0">
    <ignored/>
  </testcase> <!-- test4 -->
</testsuite> <!-- Default test -->
