<?xml version="1.0" encoding="UTF-8"?>
<!-- Generated by org.testng.reporters.JUnitXMLReporter -->
<testsuite ignored="0" hostname="Prat" failures="0" tests="6" name="Default test" time="11.348" errors="0" timestamp="2024-02-04T12:59:53 IST">
  <testcase classname="api.test.DDTests" name="testPostUser" time="3.775"/>
  <testcase classname="api.test.DDTests" name="testPostUser" time="1.086"/>
  <testcase classname="api.test.DDTests" name="testPostUser" time="1.155"/>
  <testcase classname="api.test.DDTests" name="testDeleteUserByName" time="1.17"/>
  <testcase classname="api.test.DDTests" name="testDeleteUserByName" time="1.099"/>
  <testcase classname="api.test.DDTests" name="testDeleteUserByName" time="1.111"/>
</testsuite> <!-- Default test -->
