<?xml version="1.0" encoding="UTF-8"?>
<!-- Generated by org.testng.reporters.JUnitXMLReporter -->
<testsuite ignored="0" hostname="Prat" failures="0" tests="4" name="Test" time="8.145" errors="0" timestamp="2024-02-01T12:43:14 IST">
  <testcase classname="restassuredday8.CreateUser" name="createUser_Test" time="4.67"/>
  <testcase classname="restassuredday8.GetUser" name="getUser_Test" time="1.27"/>
  <testcase classname="restassuredday8.UpdateUser" name="updateUser_Test" time="1.063"/>
  <testcase classname="restassuredday8.DeleteUser" name="deleteUser_Test" time="1.071"/>
</testsuite> <!-- Test -->
