<?xml version="1.0" encoding="UTF-8"?>
<!-- Generated by org.testng.reporters.JUnitXMLReporter -->
<testsuite ignored="0" hostname="Prat" failures="0" tests="3" name="Test1" time="0.081" errors="0" timestamp="2024-03-11T15:44:32 IST">
  <testcase classname="testNG.testNGParallelTest" name="test3" time="0.01"/>
  <testcase classname="testNG.testNGParallelTest" name="test4" time="0.001"/>
  <testcase classname="testNG.testNGParallelTest" name="test5" time="0.001"/>
</testsuite> <!-- Test1 -->
