<?xml version="1.0" encoding="UTF-8"?>
<testng-results ignored="0" total="3" passed="3" failed="0" skipped="0">
  <reporter-output>
  </reporter-output>
  <suite started-at="2024-10-08T19:39:18 IST" name="Default suite" finished-at="2024-10-08T19:39:18 IST" duration-ms="68">
    <groups>
    </groups>
    <test started-at="2024-10-08T19:39:18 IST" name="Default test" finished-at="2024-10-08T19:39:18 IST" duration-ms="68">
      <class name="interviewTask.PriorityAttributeDemo">
        <test-method signature="btest1()[pri:0, instance:interviewTask.PriorityAttributeDemo@5b12b668]" started-at="2024-10-08T19:39:18 IST" name="btest1" finished-at="2024-10-08T19:39:18 IST" duration-ms="8" status="PASS">
          <reporter-output>
          </reporter-output>
        </test-method> <!-- btest1 -->
        <test-method signature="ctest3()[pri:0, instance:interviewTask.PriorityAttributeDemo@5b12b668]" started-at="2024-10-08T19:39:18 IST" name="ctest3" finished-at="2024-10-08T19:39:18 IST" duration-ms="1" status="PASS">
          <reporter-output>
          </reporter-output>
        </test-method> <!-- ctest3 -->
        <test-method signature="atest2()[pri:1, instance:interviewTask.PriorityAttributeDemo@5b12b668]" started-at="2024-10-08T19:39:18 IST" name="atest2" finished-at="2024-10-08T19:39:18 IST" duration-ms="2" status="PASS">
          <reporter-output>
          </reporter-output>
        </test-method> <!-- atest2 -->
      </class> <!-- interviewTask.PriorityAttributeDemo -->
    </test> <!-- Default test -->
  </suite> <!-- Default suite -->
</testng-results>
