<?xml version="1.0" encoding="UTF-8"?>
<!-- Generated by org.testng.reporters.JUnitXMLReporter -->
<testsuite ignored="0" hostname="Prat" failures="0" tests="4" name="PetTest" time="10.707" errors="0" timestamp="2024-02-05T19:39:55 IST">
  <testcase classname="api.test.UserTest2" name="testPostUser" time="4.12"/>
  <testcase classname="api.test.UserTest2" name="testGetUserByName" time="1.17"/>
  <testcase classname="api.test.UserTest2" name="testUpdateUserByName" time="2.479"/>
  <testcase classname="api.test.UserTest2" name="testDeleteUserByName" time="1.098"/>
</testsuite> <!-- PetTest -->
